0 info it worked if it ends with ok
1 verbose cli [ '/usr/bin/nodejs', '/usr/bin/npm', 'run', 'start-dev' ]
2 info using npm@3.10.10
3 info using node@v6.10.1
4 verbose run-script [ 'prestart-dev', 'start-dev', 'poststart-dev' ]
5 info lifecycle js-express-routes@1.0.0~prestart-dev: js-express-routes@1.0.0
6 silly lifecycle js-express-routes@1.0.0~prestart-dev: no script for prestart-dev, continuing
7 info lifecycle js-express-routes@1.0.0~start-dev: js-express-routes@1.0.0
8 verbose lifecycle js-express-routes@1.0.0~start-dev: unsafe-perm in lifecycle true
9 verbose lifecycle js-express-routes@1.0.0~start-dev: PATH: /usr/lib/node_modules/npm/bin/node-gyp-bin:/home/ionmoraru/Documents/app-exp/node_modules/.bin:/home/ionmoraru/bin:/home/ionmoraru/.local/bin:/usr/local/sbin:/usr/local/bin:/usr/sbin:/usr/bin:/sbin:/bin:/usr/games:/usr/local/games:/snap/bin
10 verbose lifecycle js-express-routes@1.0.0~start-dev: CWD: /home/ionmoraru/Documents/app-exp
11 silly lifecycle js-express-routes@1.0.0~start-dev: Args: [ '-c', 'nodemon server.js' ]
12 silly lifecycle js-express-routes@1.0.0~start-dev: Returned: code: 1  signal: null
13 info lifecycle js-express-routes@1.0.0~start-dev: Failed to exec start-dev script
14 verbose stack Error: js-express-routes@1.0.0 start-dev: `nodemon server.js`
14 verbose stack Exit status 1
14 verbose stack     at EventEmitter.<anonymous> (/usr/lib/node_modules/npm/lib/utils/lifecycle.js:255:16)
14 verbose stack     at emitTwo (events.js:106:13)
14 verbose stack     at EventEmitter.emit (events.js:191:7)
14 verbose stack     at ChildProcess.<anonymous> (/usr/lib/node_modules/npm/lib/utils/spawn.js:40:14)
14 verbose stack     at emitTwo (events.js:106:13)
14 verbose stack     at ChildProcess.emit (events.js:191:7)
14 verbose stack     at maybeClose (internal/child_process.js:886:16)
14 verbose stack     at Process.ChildProcess._handle.onexit (internal/child_process.js:226:5)
15 verbose pkgid js-express-routes@1.0.0
16 verbose cwd /home/ionmoraru/Documents/app-exp
17 error Linux 4.4.0-70-generic
18 error argv "/usr/bin/nodejs" "/usr/bin/npm" "run" "start-dev"
19 error node v6.10.1
20 error npm  v3.10.10
21 error code ELIFECYCLE
22 error js-express-routes@1.0.0 start-dev: `nodemon server.js`
22 error Exit status 1
23 error Failed at the js-express-routes@1.0.0 start-dev script 'nodemon server.js'.
23 error Make sure you have the latest version of node.js and npm installed.
23 error If you do, this is most likely a problem with the js-express-routes package,
23 error not with npm itself.
23 error Tell the author that this fails on your system:
23 error     nodemon server.js
23 error You can get information on how to open an issue for this project with:
23 error     npm bugs js-express-routes
23 error Or if that isn't available, you can get their info via:
23 error     npm owner ls js-express-routes
23 error There is likely additional logging output above.
24 verbose exit [ 1, true ]
